android8-arm64-v8a/app/build/intermediates/manifest_merge_blame_file/debug/processDebugMainManifest/manifest-merger-blame-debug-report.txt
1<?xml version="1.0" encoding="utf-8"?>
2<manifest xmlns:android="http://schemas.android.com/apk/res/android"
3    package="com.ast.unreal64"
4    android:versionCode="1"
5    android:versionName="1.3.2-Arm32/64" >
6
7    <uses-sdk
8        android:minSdkVersion="23"
9        android:targetSdkVersion="36" />
10
11    <uses-feature
11-->src\main\AndroidManifest.xml:3:5-78
12        android:glEsVersion="0x00020000"
12-->src\main\AndroidManifest.xml:3:19-51
13        android:required="true" />
13-->src\main\AndroidManifest.xml:3:52-75
14    <uses-feature
14-->src\main\AndroidManifest.xml:4:5-86
15        android:name="android.hardware.gamepad"
15-->src\main\AndroidManifest.xml:4:19-58
16        android:required="false" />
16-->src\main\AndroidManifest.xml:4:59-83
17    <uses-feature
17-->src\main\AndroidManifest.xml:5:5-90
18        android:name="android.hardware.touchscreen"
18-->src\main\AndroidManifest.xml:5:19-62
19        android:required="false" />
19-->src\main\AndroidManifest.xml:5:63-87
20
21    <uses-permission android:name="android.permission.INTERNET" />
21-->src\main\AndroidManifest.xml:7:5-67
21-->src\main\AndroidManifest.xml:7:22-64
22    <!--
23         Optional legacy access for /sdcard/Unreal on older Android versions.
24         Android 11+ scoped storage still blocks arbitrary non-media files without MANAGE_EXTERNAL_STORAGE,
25         which this port intentionally does not request.
26    -->
27    <uses-permission
27-->src\main\AndroidManifest.xml:11:5-107
28        android:name="android.permission.READ_EXTERNAL_STORAGE"
28-->src\main\AndroidManifest.xml:11:22-77
29        android:maxSdkVersion="32" />
29-->src\main\AndroidManifest.xml:11:78-104
30    <uses-permission
30-->src\main\AndroidManifest.xml:12:5-108
31        android:name="android.permission.WRITE_EXTERNAL_STORAGE"
31-->src\main\AndroidManifest.xml:12:22-78
32        android:maxSdkVersion="28" />
32-->src\main\AndroidManifest.xml:12:79-105
33
34    <application
34-->src\main\AndroidManifest.xml:14:5-44:19
35        android:allowBackup="false"
35-->src\main\AndroidManifest.xml:15:9-36
36        android:appCategory="game"
36-->src\main\AndroidManifest.xml:16:9-35
37        android:debuggable="true"
38        android:extractNativeLibs="true"
38-->src\main\AndroidManifest.xml:17:9-41
39        android:hasFragileUserData="true"
39-->src\main\AndroidManifest.xml:18:9-42
40        android:icon="@mipmap/ic_launcher"
40-->src\main\AndroidManifest.xml:19:9-43
41        android:label="Unreal"
41-->src\main\AndroidManifest.xml:21:9-31
42        android:requestLegacyExternalStorage="true"
42-->src\main\AndroidManifest.xml:23:9-52
43        android:resizeableActivity="false"
43-->src\main\AndroidManifest.xml:22:9-43
44        android:roundIcon="@mipmap/ic_launcher_round"
44-->src\main\AndroidManifest.xml:20:9-54
45        android:testOnly="true"
46        android:theme="@style/AppTheme" >
46-->src\main\AndroidManifest.xml:24:9-40
47        <activity
47-->src\main\AndroidManifest.xml:26:9-32:48
48            android:name="com.ast.unreal.UnrealSDLActivity"
48-->src\main\AndroidManifest.xml:27:13-46
49            android:configChanges="keyboard|keyboardHidden|navigation|orientation|screenLayout|screenSize|smallestScreenSize|uiMode"
49-->src\main\AndroidManifest.xml:28:13-133
50            android:exported="false"
50-->src\main\AndroidManifest.xml:29:13-37
51            android:launchMode="singleTask"
51-->src\main\AndroidManifest.xml:30:13-44
52            android:screenOrientation="landscape"
52-->src\main\AndroidManifest.xml:31:13-50
53            android:theme="@style/GameTheme" />
53-->src\main\AndroidManifest.xml:32:13-45
54        <activity
54-->src\main\AndroidManifest.xml:34:9-43:20
55            android:name="com.ast.unreal.MainActivity"
55-->src\main\AndroidManifest.xml:35:13-41
56            android:exported="true"
56-->src\main\AndroidManifest.xml:36:13-36
57            android:screenOrientation="landscape"
57-->src\main\AndroidManifest.xml:37:13-50
58            android:theme="@style/AppTheme" >
58-->src\main\AndroidManifest.xml:38:13-44
59            <intent-filter>
59-->src\main\AndroidManifest.xml:39:13-42:29
60                <action android:name="android.intent.action.MAIN" />
60-->src\main\AndroidManifest.xml:40:17-69
60-->src\main\AndroidManifest.xml:40:25-66
61
62                <category android:name="android.intent.category.LAUNCHER" />
62-->src\main\AndroidManifest.xml:41:17-77
62-->src\main\AndroidManifest.xml:41:27-74
63            </intent-filter>
64        </activity>
65    </application>
66
67</manifest>